<?xml version="1.0" encoding="UTF-8"?>
<testsuite name="tracker.SampleTest" tests="1" skipped="0" failures="0" errors="0" timestamp="2024-10-07T21:07:44" hostname="DESKTOP-FQC5D0K" time="0.01">
  <properties/>
  <testcase name="test()" classname="tracker.SampleTest" time="0.01"/>
  <system-out><![CDATA[]]></system-out>
  <system-err><![CDATA[]]></system-err>
</testsuite>
