<?xml version="1.0" encoding="UTF-8"?>
<testsuite name="tracker.StudentTest" tests="12" skipped="0" failures="0" errors="0" timestamp="2024-10-07T21:07:44" hostname="DESKTOP-FQC5D0K" time="0.025">
  <properties/>
  <testcase name="[1] 10000 10 10 5 8" classname="tracker.StudentTest" time="0.01"/>
  <testcase name="[2] 10000 5 8 7 3" classname="tracker.StudentTest" time="0.001"/>
  <testcase name="testValidEmail()" classname="tracker.StudentTest" time="0.001"/>
  <testcase name="testValidName()" classname="tracker.StudentTest" time="0.001"/>
  <testcase name="[1] 10000 7 7 7 7 7" classname="tracker.StudentTest" time="0.001"/>
  <testcase name="[2] 10000 -1 2 2 2" classname="tracker.StudentTest" time="0.0"/>
  <testcase name="[3] 10000 ? 1 1 1" classname="tracker.StudentTest" time="0.0"/>
  <testcase name="[4] 20000 5 8 7 3" classname="tracker.StudentTest" time="0.0"/>
  <testcase name="[1] 10000 600 0 0 0" classname="tracker.StudentTest" time="0.0"/>
  <testcase name="[2] 10000 0 400 0 0" classname="tracker.StudentTest" time="0.0"/>
  <testcase name="[3] 10000 0 0 480 0" classname="tracker.StudentTest" time="0.0"/>
  <testcase name="[4] 10000 0 0 0 550" classname="tracker.StudentTest" time="0.001"/>
  <system-out><![CDATA[Incorrect email.
Incorrect email.
Incorrect email.
Incorrect credentials.
Incorrect credentials.
Incorrect first name.
Incorrect last name.
Incorrect first name.
Incorrect last name.
Incorrect credentials.
Incorrect first name.
Incorrect points format.
Incorrect points format.
Incorrect points format.
No student is found for id=20000.
No student is found for id=20000.
To: validEmail@email.com
Re: Your Learning Progress
Hello, Jimmy Henderson-Korsakoff! You have accomplished our Java course!
Total 1 students have been notified.
Total 0 students have been notified.
To: validEmail@email.com
Re: Your Learning Progress
Hello, Jimmy Henderson-Korsakoff! You have accomplished our DSA course!
Total 1 students have been notified.
Total 0 students have been notified.
To: validEmail@email.com
Re: Your Learning Progress
Hello, Jimmy Henderson-Korsakoff! You have accomplished our Databases course!
Total 1 students have been notified.
Total 0 students have been notified.
To: validEmail@email.com
Re: Your Learning Progress
Hello, Jimmy Henderson-Korsakoff! You have accomplished our Spring course!
Total 1 students have been notified.
Total 0 students have been notified.
]]></system-out>
  <system-err><![CDATA[]]></system-err>
</testsuite>
